[     534ms] [ERROR] Failed to load resource: net::ERR_ADDRESS_INVALID @ https://o398706.ingest.us.sentry.io/api/5459134/envelope/?sentry_version=7&sentry_key=caa7db5fc1da4341810a6d56251a951c&sentry_client=sentry.javascript.nextjs%2F10.27.0:0
[     956ms] [ERROR] Failed to load resource: net::ERR_ADDRESS_INVALID @ https://o398706.ingest.us.sentry.io/api/5459134/envelope/?sentry_version=7&sentry_key=caa7db5fc1da4341810a6d56251a951c&sentry_client=sentry.javascript.nextjs%2F10.27.0:0
[     956ms] [ERROR] Failed to load resource: net::ERR_ADDRESS_INVALID @ https://o398706.ingest.us.sentry.io/api/5459134/envelope/?sentry_version=7&sentry_key=caa7db5fc1da4341810a6d56251a951c&sentry_client=sentry.javascript.nextjs%2F10.27.0:0
[   14158ms] [ERROR] Failed to load resource: net::ERR_ADDRESS_INVALID @ https://collector.github.com/github/collect:0
[   14165ms] [ERROR] Failed to load resource: net::ERR_ADDRESS_INVALID @ https://collector.github.com/github/collect:0
[   15176ms] [ERROR] Failed to load resource: net::ERR_ADDRESS_INVALID @ https://collector.github.com/github/collect:0
[   19166ms] [ERROR] Failed to load resource: net::ERR_ADDRESS_INVALID @ https://collector.github.com/github/collect:0
[   26885ms] [ERROR] Failed to load resource: net::ERR_ADDRESS_INVALID @ https://collector.github.com/github/collect:0
[   26901ms] [ERROR] Failed to load resource: net::ERR_ADDRESS_INVALID @ https://collector.github.com/github/collect:0
[   26916ms] [ERROR] Failed to load resource: net::ERR_ADDRESS_INVALID @ https://collector.github.com/github/collect:0
[   39451ms] [ERROR] Failed to load resource: net::ERR_ADDRESS_INVALID @ https://collector.github.com/github/collect:0
[   43258ms] [ERROR] Failed to load resource: net::ERR_ADDRESS_INVALID @ https://o398706.ingest.us.sentry.io/api/5459134/envelope/?sentry_version=7&sentry_key=caa7db5fc1da4341810a6d56251a951c&sentry_client=sentry.javascript.nextjs%2F10.27.0:0
[   43705ms] [ERROR] Failed to load resource: net::ERR_ADDRESS_INVALID @ https://o398706.ingest.us.sentry.io/api/5459134/envelope/?sentry_version=7&sentry_key=caa7db5fc1da4341810a6d56251a951c&sentry_client=sentry.javascript.nextjs%2F10.27.0:0
[   43706ms] [ERROR] Failed to load resource: net::ERR_ADDRESS_INVALID @ https://o398706.ingest.us.sentry.io/api/5459134/envelope/?sentry_version=7&sentry_key=caa7db5fc1da4341810a6d56251a951c&sentry_client=sentry.javascript.nextjs%2F10.27.0:0
[   44336ms] [ERROR] Failed to load resource: net::ERR_ADDRESS_INVALID @ https://o398706.ingest.us.sentry.io/api/5459134/envelope/?sentry_version=7&sentry_key=caa7db5fc1da4341810a6d56251a951c&sentry_client=sentry.javascript.nextjs%2F10.27.0:0
[   44336ms] [ERROR] Failed to load resource: net::ERR_ADDRESS_INVALID @ https://o398706.ingest.us.sentry.io/api/5459134/envelope/?sentry_version=7&sentry_key=caa7db5fc1da4341810a6d56251a951c&sentry_client=sentry.javascript.nextjs%2F10.27.0:0
[   44448ms] [ERROR] Failed to load resource: net::ERR_ADDRESS_INVALID @ https://o398706.ingest.us.sentry.io/api/5459134/envelope/?sentry_version=7&sentry_key=caa7db5fc1da4341810a6d56251a951c&sentry_client=sentry.javascript.nextjs%2F10.27.0:0
[   44448ms] [ERROR] Failed to load resource: net::ERR_ADDRESS_INVALID @ https://o398706.ingest.us.sentry.io/api/5459134/envelope/?sentry_version=7&sentry_key=caa7db5fc1da4341810a6d56251a951c&sentry_client=sentry.javascript.nextjs%2F10.27.0:0
[  234709ms] [ERROR] Failed to load resource: net::ERR_ADDRESS_INVALID @ https://o398706.ingest.us.sentry.io/api/5459134/envelope/?sentry_version=7&sentry_key=caa7db5fc1da4341810a6d56251a951c&sentry_client=sentry.javascript.nextjs%2F10.27.0:0
[  234739ms] [ERROR] Failed to load resource: net::ERR_ADDRESS_INVALID @ https://o398706.ingest.us.sentry.io/api/5459134/envelope/?sentry_version=7&sentry_key=caa7db5fc1da4341810a6d56251a951c&sentry_client=sentry.javascript.nextjs%2F10.27.0:0
[  235079ms] [WARNING] [Warning] Please install/enable Redux devtools extension @ https://frontend-assets.supabase.com/studio/3f56b0413714/_next/static/chunks/46bcc321a0471b60.js?dpl=dpl_HuFNM7QkX5YbRf1oMQXJomcapMcC:14
[  248918ms] [ERROR] Failed to load resource: net::ERR_ADDRESS_INVALID @ https://o398706.ingest.us.sentry.io/api/5459134/envelope/?sentry_version=7&sentry_key=caa7db5fc1da4341810a6d56251a951c&sentry_client=sentry.javascript.nextjs%2F10.27.0:0
[  248918ms] [ERROR] Failed to load resource: net::ERR_ADDRESS_INVALID @ https://o398706.ingest.us.sentry.io/api/5459134/envelope/?sentry_version=7&sentry_key=caa7db5fc1da4341810a6d56251a951c&sentry_client=sentry.javascript.nextjs%2F10.27.0:0
[  249232ms] [ERROR] Failed to load resource: the server responded with a status of 400 () @ https://api.supabase.com/platform/organizations/isbnsqvlmiuufmffovrt/available-versions:0
[  250359ms] [WARNING] Select is changing from uncontrolled to controlled. Components should not switch from controlled to uncontrolled (or vice versa). Decide between using a controlled or uncontrolled value for the lifetime of the component. @ https://frontend-assets.supabase.com/studio/3f56b0413714/_next/static/chunks/46bcc321a0471b60.js?dpl=dpl_HuFNM7QkX5YbRf1oMQXJomcapMcC:14
[  281255ms] [ERROR] Failed to load resource: net::ERR_ADDRESS_INVALID @ https://o398706.ingest.us.sentry.io/api/5459134/envelope/?sentry_version=7&sentry_key=caa7db5fc1da4341810a6d56251a951c&sentry_client=sentry.javascript.nextjs%2F10.27.0:0
[  281255ms] [ERROR] Failed to load resource: net::ERR_ADDRESS_INVALID @ https://o398706.ingest.us.sentry.io/api/5459134/envelope/?sentry_version=7&sentry_key=caa7db5fc1da4341810a6d56251a951c&sentry_client=sentry.javascript.nextjs%2F10.27.0:0
[  282943ms] [ERROR] Failed to load resource: the server responded with a status of 400 () @ https://api.supabase.com/platform/pg-meta/cyexecqribzrzgrposzm/query?key=migrations:0
[  374345ms] [ERROR] Failed to load resource: net::ERR_ADDRESS_INVALID @ https://o398706.ingest.us.sentry.io/api/5459134/envelope/?sentry_version=7&sentry_key=caa7db5fc1da4341810a6d56251a951c&sentry_client=sentry.javascript.nextjs%2F10.27.0:0
[  374345ms] [ERROR] Failed to load resource: net::ERR_ADDRESS_INVALID @ https://o398706.ingest.us.sentry.io/api/5459134/envelope/?sentry_version=7&sentry_key=caa7db5fc1da4341810a6d56251a951c&sentry_client=sentry.javascript.nextjs%2F10.27.0:0
[  374623ms] [ERROR] Failed to load resource: net::ERR_ADDRESS_INVALID @ https://o398706.ingest.us.sentry.io/api/5459134/envelope/?sentry_version=7&sentry_key=caa7db5fc1da4341810a6d56251a951c&sentry_client=sentry.javascript.nextjs%2F10.27.0:0
[  374623ms] [ERROR] Failed to load resource: net::ERR_ADDRESS_INVALID @ https://o398706.ingest.us.sentry.io/api/5459134/envelope/?sentry_version=7&sentry_key=caa7db5fc1da4341810a6d56251a951c&sentry_client=sentry.javascript.nextjs%2F10.27.0:0
[  439177ms] [ERROR] Failed to load resource: net::ERR_ADDRESS_INVALID @ https://o398706.ingest.us.sentry.io/api/5459134/envelope/?sentry_version=7&sentry_key=caa7db5fc1da4341810a6d56251a951c&sentry_client=sentry.javascript.nextjs%2F10.27.0:0
[  439177ms] [ERROR] Failed to load resource: net::ERR_ADDRESS_INVALID @ https://o398706.ingest.us.sentry.io/api/5459134/envelope/?sentry_version=7&sentry_key=caa7db5fc1da4341810a6d56251a951c&sentry_client=sentry.javascript.nextjs%2F10.27.0:0
[  447322ms] [ERROR] Failed to load resource: the server responded with a status of 400 () @ https://api.supabase.com/platform/pg-meta/cyexecqribzrzgrposzm/query?key=:0
[  519480ms] [ERROR] Failed to load resource: net::ERR_ADDRESS_INVALID @ https://o398706.ingest.us.sentry.io/api/5459134/envelope/?sentry_version=7&sentry_key=caa7db5fc1da4341810a6d56251a951c&sentry_client=sentry.javascript.nextjs%2F10.27.0:0
[  519501ms] [ERROR] Failed to load resource: net::ERR_ADDRESS_INVALID @ https://o398706.ingest.us.sentry.io/api/5459134/envelope/?sentry_version=7&sentry_key=caa7db5fc1da4341810a6d56251a951c&sentry_client=sentry.javascript.nextjs%2F10.27.0:0
